<?xml version="1.0" encoding="UTF-8"?>
<testng-results skipped="0" failed="0" total="1" passed="1">
  <reporter-output>
  </reporter-output>
  <suite name="Default suite" duration-ms="9377" started-at="2016-01-10T23:33:01Z" finished-at="2016-01-10T23:33:10Z">
    <groups>
    </groups>
    <test name="Default test" duration-ms="9377" started-at="2016-01-10T23:33:01Z" finished-at="2016-01-10T23:33:10Z">
      <class name="auth.Commands">
        <test-method status="PASS" signature="openCeneoPl()[pri:0, instance:auth.Commands@2a693f59]" name="openCeneoPl" is-config="true" duration-ms="7159" started-at="2016-01-11T00:33:01Z" finished-at="2016-01-11T00:33:08Z">
          <reporter-output>
          </reporter-output>
        </test-method> <!-- openCeneoPl -->
        <test-method status="PASS" signature="checkAuthorization()[pri:0, instance:auth.Commands@2a693f59]" name="checkAuthorization" duration-ms="2180" started-at="2016-01-11T00:33:08Z" finished-at="2016-01-11T00:33:10Z">
          <reporter-output>
          </reporter-output>
        </test-method> <!-- checkAuthorization -->
      </class> <!-- auth.Commands -->
    </test> <!-- Default test -->
  </suite> <!-- Default suite -->
</testng-results>
