<?xml version="1.0" encoding="UTF-8"?>
<testng-results skipped="0" failed="0" total="1" passed="1">
  <reporter-output>
  </reporter-output>
  <suite name="Default suite" duration-ms="7674" started-at="2015-12-02T14:55:41Z" finished-at="2015-12-02T14:55:48Z">
    <groups>
    </groups>
    <test name="Default test" duration-ms="7674" started-at="2015-12-02T14:55:41Z" finished-at="2015-12-02T14:55:48Z">
      <class name="selenium_maven_eclipse.CommonCeneoTestMVN">
        <test-method status="PASS" signature="BeforeTest()[pri:0, instance:selenium_maven_eclipse.CommonCeneoTestMVN@26794848]" name="BeforeTest" is-config="true" duration-ms="29" started-at="2015-12-02T15:55:41Z" finished-at="2015-12-02T15:55:41Z">
          <reporter-output>
          </reporter-output>
        </test-method> <!-- BeforeTest -->
        <test-method status="PASS" signature="searchProduct()[pri:0, instance:selenium_maven_eclipse.CommonCeneoTestMVN@26794848]" name="searchProduct" duration-ms="7633" started-at="2015-12-02T15:55:41Z" finished-at="2015-12-02T15:55:48Z">
          <reporter-output>
          </reporter-output>
        </test-method> <!-- searchProduct -->
        <test-method status="PASS" signature="AfterTest()[pri:0, instance:selenium_maven_eclipse.CommonCeneoTestMVN@26794848]" name="AfterTest" is-config="true" duration-ms="0" started-at="2015-12-02T15:55:48Z" finished-at="2015-12-02T15:55:48Z">
          <reporter-output>
          </reporter-output>
        </test-method> <!-- AfterTest -->
      </class> <!-- selenium_maven_eclipse.CommonCeneoTestMVN -->
    </test> <!-- Default test -->
  </suite> <!-- Default suite -->
</testng-results>
